<?xml version="1.0" encoding="UTF-8"?>
<testng-results ignored="0" total="2" passed="2" failed="0" skipped="0">
  <reporter-output>
  </reporter-output>
  <suite started-at="2021-04-12T21:22:01 BST" name="Command line suite" finished-at="2021-04-12T21:22:01 BST" duration-ms="63">
    <groups>
    </groups>
    <test started-at="2021-04-12T21:22:01 BST" name="Command line test" finished-at="2021-04-12T21:22:01 BST" duration-ms="63">
      <class name="com.pn.learning.jenkinsmaven2.AppTest">
        <test-method signature="shouldAnswerWithTrue()[pri:0, instance:com.pn.learning.jenkinsmaven2.AppTest@64693226]" started-at="2021-04-12T21:22:01 BST" name="shouldAnswerWithTrue" finished-at="2021-04-12T21:22:01 BST" duration-ms="8" status="PASS">
          <reporter-output>
          </reporter-output>
        </test-method> <!-- shouldAnswerWithTrue -->
        <test-method signature="sumTest()[pri:0, instance:com.pn.learning.jenkinsmaven2.AppTest@64693226]" started-at="2021-04-12T21:22:01 BST" name="sumTest" finished-at="2021-04-12T21:22:01 BST" duration-ms="1" status="PASS">
          <reporter-output>
          </reporter-output>
        </test-method> <!-- sumTest -->
      </class> <!-- com.pn.learning.jenkinsmaven2.AppTest -->
    </test> <!-- Command line test -->
  </suite> <!-- Command line suite -->
</testng-results>
